<?xml version="1.0" encoding="UTF-8"?>
<!-- Generated by org.testng.reporters.JUnitReportReporter -->
<testsuite hostname="Mahesh_Laptop" failures="0" tests="1" name="mavenforjenkins.UITest" time="20.116" errors="0" timestamp="2025-01-05T14:01:01 EST" skipped="0">
  <testcase classname="mavenforjenkins.UITest" name="startBrowser" time="20.116"/>
</testsuite> <!-- mavenforjenkins.UITest -->
