<?xml version="1.0" encoding="UTF-8"?>
<!-- Generated by org.testng.reporters.JUnitReportReporter -->
<testsuite hostname="Mahesh_Laptop" failures="0" tests="1" name="mavenforjenkins.UITest" time="14.964" errors="0" timestamp="2025-01-05T16:30:40 EST" skipped="0">
  <testcase classname="mavenforjenkins.UITest" name="startBrowser" time="14.964"/>
</testsuite> <!-- mavenforjenkins.UITest -->
